<?xml version="1.0" encoding="UTF-8"?>
<testsuite xmlns:xsi="http://www.w3.org/2001/XMLSchema-instance" xsi:noNamespaceSchemaLocation="https://maven.apache.org/surefire/maven-surefire-plugin/xsd/surefire-test-report.xsd" version="3.0.2" name="kafka_LegId.AirlineUseCaseApplicationTests" time="1.798" tests="1" errors="0" skipped="0" failures="0">
  <properties>
[...]
</properties>
  <testcase name="contextLoads" classname="kafka_LegId.AirlineUseCaseApplicationTests" time="0.471">
    <system-out><![CDATA[11:41:45.418 [main] INFO org.springframework.test.context.support.AnnotationConfigContextLoaderUtils -- Could not detect default configuration classes for test class [kafka_LegId.AirlineUseCaseApplicationTests]: AirlineUseCaseApplicationTests does not declare any static, non-private, non-final, nested classes annotated with @Configuration.
11:41:45.495 [main] INFO org.springframework.boot.test.context.SpringBootTestContextBootstrapper -- Found @SpringBootConfiguration kafka_LegId.AirlineUseCaseApplication for test class kafka_LegId.AirlineUseCaseApplicationTests
[Kafka Stream] 11:41:45.760  INFO --- k.AirlineUseCaseApplicationTests         : Starting AirlineUseCaseApplicationTests using Java 17.0.16 with PID 33462 (started by vansh in /Users/vansh/Downloads/airline-use-case)
[Kafka Stream] 11:41:45.761  INFO --- k.AirlineUseCaseApplicationTests         : No active profile set, falling back to 1 default profile: "default"
[Kafka Stream] 11:41:46.103  INFO --- org.apache.kafka.streams.StreamsConfig   : StreamsConfig values: 
	acceptable.recovery.lag = 10000
	application.id = kafka_ms_streams
	application.server = 
	auto.include.jmx.reporter = true
	bootstrap.servers = [localhost:9092]
	buffered.records.per.partition = 1000
	built.in.metrics.version = latest
	cache.max.bytes.buffering = 10485760
	client.id = 
	commit.interval.ms = 30000
	connections.max.idle.ms = 540000
	default.client.supplier = class org.apache.kafka.streams.processor.internals.DefaultKafkaClientSupplier
	default.deserialization.exception.handler = class org.apache.kafka.streams.errors.LogAndFailExceptionHandler
	default.dsl.store = rocksDB
	default.key.serde = class org.apache.kafka.common.serialization.Serdes$StringSerde
	default.list.key.serde.inner = null
	default.list.key.serde.type = null
	default.list.value.serde.inner = null
	default.list.value.serde.type = null
	default.production.exception.handler = class org.apache.kafka.streams.errors.DefaultProductionExceptionHandler
	default.timestamp.extractor = class org.apache.kafka.streams.processor.FailOnInvalidTimestamp
	default.value.serde = class org.apache.kafka.common.serialization.Serdes$StringSerde
	dsl.store.suppliers.class = class org.apache.kafka.streams.state.BuiltInDslStoreSuppliers$RocksDBDslStoreSuppliers
	enable.metrics.push = true
	log.summary.interval.ms = 120000
	max.task.idle.ms = 0
	max.warmup.replicas = 2
	metadata.max.age.ms = 300000
	metric.reporters = []
	metrics.num.samples = 2
	metrics.recording.level = INFO
	metrics.sample.window.ms = 30000
	num.standby.replicas = 0
	num.stream.threads = 1
	poll.ms = 100
	probing.rebalance.interval.ms = 600000
	processing.exception.handler = class org.apache.kafka.streams.errors.LogAndFailProcessingExceptionHandler
	processing.guarantee = at_least_once
	rack.aware.assignment.non_overlap_cost = null
	rack.aware.assignment.strategy = none
	rack.aware.assignment.tags = []
	rack.aware.assignment.traffic_cost = null
	receive.buffer.bytes = 32768
	reconnect.backoff.max.ms = 1000
	reconnect.backoff.ms = 50
	repartition.purge.interval.ms = 30000
	replication.factor = -1
	request.timeout.ms = 40000
	retries = 0
	retry.backoff.ms = 100
	rocksdb.config.setter = null
	security.protocol = PLAINTEXT
	send.buffer.bytes = 131072
	state.cleanup.delay.ms = 600000
	state.dir = /var/folders/nw/mb3b0mc15pb6gc6np4l3cpzm0000gn/T//kafka-streams
	statestore.cache.max.bytes = 10485760
	task.assignor.class = null
	task.timeout.ms = 300000
	topology.optimization = none
	upgrade.from = null
	window.size.ms = null
	windowed.inner.class.serde = null
	windowstore.changelog.additional.retention.ms = 86400000

[Kafka Stream] 11:41:46.363  INFO --- org.apache.kafka.streams.StreamsConfig   : StreamsConfig values: 
	acceptable.recovery.lag = 10000
	application.id = kafka_ms_streams
	application.server = 
	auto.include.jmx.reporter = true
	bootstrap.servers = [localhost:9092]
	buffered.records.per.partition = 1000
	built.in.metrics.version = latest
	cache.max.bytes.buffering = 10485760
	client.id = 
	commit.interval.ms = 30000
	connections.max.idle.ms = 540000
	default.client.supplier = class org.apache.kafka.streams.processor.internals.DefaultKafkaClientSupplier
	default.deserialization.exception.handler = class org.apache.kafka.streams.errors.LogAndFailExceptionHandler
	default.dsl.store = rocksDB
	default.key.serde = class org.apache.kafka.common.serialization.Serdes$StringSerde
	default.list.key.serde.inner = null
	default.list.key.serde.type = null
	default.list.value.serde.inner = null
	default.list.value.serde.type = null
	default.production.exception.handler = class org.apache.kafka.streams.errors.DefaultProductionExceptionHandler
	default.timestamp.extractor = class org.apache.kafka.streams.processor.FailOnInvalidTimestamp
	default.value.serde = class org.apache.kafka.common.serialization.Serdes$StringSerde
	dsl.store.suppliers.class = class org.apache.kafka.streams.state.BuiltInDslStoreSuppliers$RocksDBDslStoreSuppliers
	enable.metrics.push = true
	log.summary.interval.ms = 120000
	max.task.idle.ms = 0
	max.warmup.replicas = 2
	metadata.max.age.ms = 300000
	metric.reporters = []
	metrics.num.samples = 2
	metrics.recording.level = INFO
	metrics.sample.window.ms = 30000
	num.standby.replicas = 0
	num.stream.threads = 1
	poll.ms = 100
	probing.rebalance.interval.ms = 600000
	processing.exception.handler = class org.apache.kafka.streams.errors.LogAndFailProcessingExceptionHandler
	processing.guarantee = at_least_once
	rack.aware.assignment.non_overlap_cost = null
	rack.aware.assignment.strategy = none
	rack.aware.assignment.tags = []
	rack.aware.assignment.traffic_cost = null
	receive.buffer.bytes = 32768
	reconnect.backoff.max.ms = 1000
	reconnect.backoff.ms = 50
	repartition.purge.interval.ms = 30000
	replication.factor = -1
	request.timeout.ms = 40000
	retries = 0
	retry.backoff.ms = 100
	rocksdb.config.setter = null
	security.protocol = PLAINTEXT
	send.buffer.bytes = 131072
	state.cleanup.delay.ms = 600000
	state.dir = /var/folders/nw/mb3b0mc15pb6gc6np4l3cpzm0000gn/T//kafka-streams
	statestore.cache.max.bytes = 10485760
	task.assignor.class = null
	task.timeout.ms = 300000
	topology.optimization = none
	upgrade.from = null
	window.size.ms = null
	windowed.inner.class.serde = null
	windowstore.changelog.additional.retention.ms = 86400000

[Kafka Stream] 11:41:46.379  INFO --- o.a.k.s.p.internals.StateDirectory       : Created new process id: e671e6c4-0d9b-43bc-b819-17d0a35d7d44
[Kafka Stream] 11:41:46.390  INFO --- o.a.k.clients.admin.AdminClientConfig    : AdminClientConfig values: 
	auto.include.jmx.reporter = true
	bootstrap.controllers = []
	bootstrap.servers = [localhost:9092]
	client.dns.lookup = use_all_dns_ips
	client.id = kafka_ms_streams-e671e6c4-0d9b-43bc-b819-17d0a35d7d44-admin
	connections.max.idle.ms = 300000
	default.api.timeout.ms = 60000
	enable.metrics.push = true
	metadata.max.age.ms = 300000
	metadata.recovery.strategy = none
	metric.reporters = []
	metrics.num.samples = 2
	metrics.recording.level = INFO
	metrics.sample.window.ms = 30000
	receive.buffer.bytes = 65536
	reconnect.backoff.max.ms = 1000
	reconnect.backoff.ms = 50
	request.timeout.ms = 30000
	retries = 2147483647
	retry.backoff.max.ms = 1000
	retry.backoff.ms = 100
	sasl.client.callback.handler.class = null
	sasl.jaas.config = null
	sasl.kerberos.kinit.cmd = /usr/bin/kinit
	sasl.kerberos.min.time.before.relogin = 60000
	sasl.kerberos.service.name = null
	sasl.kerberos.ticket.renew.jitter = 0.05
	sasl.kerberos.ticket.renew.window.factor = 0.8
	sasl.login.callback.handler.class = null
	sasl.login.class = null
	sasl.login.connect.timeout.ms = null
	sasl.login.read.timeout.ms = null
	sasl.login.refresh.buffer.seconds = 300
	sasl.login.refresh.min.period.seconds = 60
	sasl.login.refresh.window.factor = 0.8
	sasl.login.refresh.window.jitter = 0.05
	sasl.login.retry.backoff.max.ms = 10000
	sasl.login.retry.backoff.ms = 100
	sasl.mechanism = GSSAPI
	sasl.oauthbearer.clock.skew.seconds = 30
	sasl.oauthbearer.expected.audience = null
	sasl.oauthbearer.expected.issuer = null
	sasl.oauthbearer.header.urlencode = false
	sasl.oauthbearer.jwks.endpoint.refresh.ms = 3600000
	sasl.oauthbearer.jwks.endpoint.retry.backoff.max.ms = 10000
	sasl.oauthbearer.jwks.endpoint.retry.backoff.ms = 100
	sasl.oauthbearer.jwks.endpoint.url = null
	sasl.oauthbearer.scope.claim.name = scope
	sasl.oauthbearer.sub.claim.name = sub
	sasl.oauthbearer.token.endpoint.url = null
	security.protocol = PLAINTEXT
	security.providers = null
	send.buffer.bytes = 131072
	socket.connection.setup.timeout.max.ms = 30000
	socket.connection.setup.timeout.ms = 10000
	ssl.cipher.suites = null
	ssl.enabled.protocols = [TLSv1.2, TLSv1.3]
	ssl.endpoint.identification.algorithm = https
	ssl.engine.factory.class = null
	ssl.key.password = null
	ssl.keymanager.algorithm = SunX509
	ssl.keystore.certificate.chain = null
	ssl.keystore.key = null
	ssl.keystore.location = null
	ssl.keystore.password = null
	ssl.keystore.type = JKS
	ssl.protocol = TLSv1.3
	ssl.provider = null
	ssl.secure.random.implementation = null
	ssl.trustmanager.algorithm = PKIX
	ssl.truststore.certificates = null
	ssl.truststore.location = null
	ssl.truststore.password = null
	ssl.truststore.type = JKS

[Kafka Stream] 11:41:46.465  INFO --- o.a.k.clients.admin.AdminClientConfig    : These configurations '[spring.json.trusted.packages]' were supplied but are not used yet.
[Kafka Stream] 11:41:46.465  INFO --- o.a.kafka.common.utils.AppInfoParser     : Kafka version: 3.9.1
[Kafka Stream] 11:41:46.466  INFO --- o.a.kafka.common.utils.AppInfoParser     : Kafka commitId: f745dfdcee2b9851
[Kafka Stream] 11:41:46.466  INFO --- o.a.kafka.common.utils.AppInfoParser     : Kafka startTimeMs: 1757139106465
[Kafka Stream] 11:41:46.467  INFO --- org.apache.kafka.streams.KafkaStreams    : stream-client [kafka_ms_streams-e671e6c4-0d9b-43bc-b819-17d0a35d7d44] Kafka Streams version: 3.9.1
[Kafka Stream] 11:41:46.467  INFO --- org.apache.kafka.streams.KafkaStreams    : stream-client [kafka_ms_streams-e671e6c4-0d9b-43bc-b819-17d0a35d7d44] Kafka Streams commit ID: f745dfdcee2b9851
[Kafka Stream] 11:41:46.476  INFO --- o.a.k.s.p.internals.StreamThread         : stream-thread [kafka_ms_streams-e671e6c4-0d9b-43bc-b819-17d0a35d7d44-StreamThread-1] Creating restore consumer client
[Kafka Stream] 11:41:46.477  INFO --- o.a.k.clients.consumer.ConsumerConfig    : ConsumerConfig values: 
	allow.auto.create.topics = true
	auto.commit.interval.ms = 5000
	auto.include.jmx.reporter = true
	auto.offset.reset = none
	bootstrap.servers = [localhost:9092]
	check.crcs = true
	client.dns.lookup = use_all_dns_ips
	client.id = kafka_ms_streams-e671e6c4-0d9b-43bc-b819-17d0a35d7d44-StreamThread-1-restore-consumer
	client.rack = 
	connections.max.idle.ms = 540000
	default.api.timeout.ms = 60000
	enable.auto.commit = false
	enable.metrics.push = true
	exclude.internal.topics = true
	fetch.max.bytes = 52428800
	fetch.max.wait.ms = 500
	fetch.min.bytes = 1
	group.id = null
	group.instance.id = null
	group.protocol = classic
	group.remote.assignor = null
	heartbeat.interval.ms = 3000
	interceptor.classes = []
	internal.leave.group.on.close = false
	internal.throw.on.fetch.stable.offset.unsupported = false
	isolation.level = read_uncommitted
	key.deserializer = class org.apache.kafka.common.serialization.ByteArrayDeserializer
	max.partition.fetch.bytes = 1048576
	max.poll.interval.ms = 300000
	max.poll.records = 1000
	metadata.max.age.ms = 300000
	metadata.recovery.strategy = none
	metric.reporters = []
	metrics.num.samples = 2
	metrics.recording.level = INFO
	metrics.sample.window.ms = 30000
	partition.assignment.strategy = [class org.apache.kafka.clients.consumer.RangeAssignor, class org.apache.kafka.clients.consumer.CooperativeStickyAssignor]
	receive.buffer.bytes = 65536
	reconnect.backoff.max.ms = 1000
	reconnect.backoff.ms = 50
	request.timeout.ms = 30000
	retry.backoff.max.ms = 1000
	retry.backoff.ms = 100
	sasl.client.callback.handler.class = null
	sasl.jaas.config = null
	sasl.kerberos.kinit.cmd = /usr/bin/kinit
	sasl.kerberos.min.time.before.relogin = 60000
	sasl.kerberos.service.name = null
	sasl.kerberos.ticket.renew.jitter = 0.05
	sasl.kerberos.ticket.renew.window.factor = 0.8
	sasl.login.callback.handler.class = null
	sasl.login.class = null
	sasl.login.connect.timeout.ms = null
	sasl.login.read.timeout.ms = null
	sasl.login.refresh.buffer.seconds = 300
	sasl.login.refresh.min.period.seconds = 60
	sasl.login.refresh.window.factor = 0.8
	sasl.login.refresh.window.jitter = 0.05
	sasl.login.retry.backoff.max.ms = 10000
	sasl.login.retry.backoff.ms = 100
	sasl.mechanism = GSSAPI
	sasl.oauthbearer.clock.skew.seconds = 30
	sasl.oauthbearer.expected.audience = null
	sasl.oauthbearer.expected.issuer = null
	sasl.oauthbearer.header.urlencode = false
	sasl.oauthbearer.jwks.endpoint.refresh.ms = 3600000
	sasl.oauthbearer.jwks.endpoint.retry.backoff.max.ms = 10000
	sasl.oauthbearer.jwks.endpoint.retry.backoff.ms = 100
	sasl.oauthbearer.jwks.endpoint.url = null
	sasl.oauthbearer.scope.claim.name = scope
	sasl.oauthbearer.sub.claim.name = sub
	sasl.oauthbearer.token.endpoint.url = null
	security.protocol = PLAINTEXT
	security.providers = null
	send.buffer.bytes = 131072
	session.timeout.ms = 45000
	socket.connection.setup.timeout.max.ms = 30000
	socket.connection.setup.timeout.ms = 10000
	ssl.cipher.suites = null
	ssl.enabled.protocols = [TLSv1.2, TLSv1.3]
	ssl.endpoint.identification.algorithm = https
	ssl.engine.factory.class = null
	ssl.key.password = null
	ssl.keymanager.algorithm = SunX509
	ssl.keystore.certificate.chain = null
	ssl.keystore.key = null
	ssl.keystore.location = null
	ssl.keystore.password = null
	ssl.keystore.type = JKS
	ssl.protocol = TLSv1.3
	ssl.provider = null
	ssl.secure.random.implementation = null
	ssl.trustmanager.algorithm = PKIX
	ssl.truststore.certificates = null
	ssl.truststore.location = null
	ssl.truststore.password = null
	ssl.truststore.type = JKS
	value.deserializer = class org.apache.kafka.common.serialization.ByteArrayDeserializer

[Kafka Stream] 11:41:46.499  INFO --- o.a.k.c.t.i.KafkaMetricsCollector        : initializing Kafka metrics collector
[Kafka Stream] 11:41:46.521  INFO --- o.a.k.clients.consumer.ConsumerConfig    : These configurations '[spring.json.trusted.packages]' were supplied but are not used yet.
[Kafka Stream] 11:41:46.521  INFO --- o.a.kafka.common.utils.AppInfoParser     : Kafka version: 3.9.1
[Kafka Stream] 11:41:46.521  INFO --- o.a.kafka.common.utils.AppInfoParser     : Kafka commitId: f745dfdcee2b9851
[Kafka Stream] 11:41:46.521  INFO --- o.a.kafka.common.utils.AppInfoParser     : Kafka startTimeMs: 1757139106521
[Kafka Stream] 11:41:46.526  INFO --- o.a.k.s.p.internals.StreamThread         : stream-thread [kafka_ms_streams-e671e6c4-0d9b-43bc-b819-17d0a35d7d44-StreamThread-1] Creating thread producer client
[Kafka Stream] 11:41:46.531  INFO --- o.a.k.clients.producer.ProducerConfig    : ProducerConfig values: 
	acks = -1
	auto.include.jmx.reporter = true
	batch.size = 16384
	bootstrap.servers = [localhost:9092]
	buffer.memory = 33554432
	client.dns.lookup = use_all_dns_ips
	client.id = kafka_ms_streams-e671e6c4-0d9b-43bc-b819-17d0a35d7d44-StreamThread-1-producer
	compression.gzip.level = -1
	compression.lz4.level = 9
	compression.type = none
	compression.zstd.level = 3
	connections.max.idle.ms = 540000
	delivery.timeout.ms = 120000
	enable.idempotence = true
	enable.metrics.push = true
	interceptor.classes = []
	key.serializer = class org.apache.kafka.common.serialization.ByteArraySerializer
	linger.ms = 100
	max.block.ms = 60000
	max.in.flight.requests.per.connection = 5
	max.request.size = 1048576
	metadata.max.age.ms = 300000
	metadata.max.idle.ms = 300000
	metadata.recovery.strategy = none
	metric.reporters = []
	metrics.num.samples = 2
	metrics.recording.level = INFO
	metrics.sample.window.ms = 30000
	partitioner.adaptive.partitioning.enable = true
	partitioner.availability.timeout.ms = 0
	partitioner.class = null
	partitioner.ignore.keys = false
	receive.buffer.bytes = 32768
	reconnect.backoff.max.ms = 1000
	reconnect.backoff.ms = 50
	request.timeout.ms = 30000
	retries = 2147483647
	retry.backoff.max.ms = 1000
	retry.backoff.ms = 100
	sasl.client.callback.handler.class = null
	sasl.jaas.config = null
	sasl.kerberos.kinit.cmd = /usr/bin/kinit
	sasl.kerberos.min.time.before.relogin = 60000
	sasl.kerberos.service.name = null
	sasl.kerberos.ticket.renew.jitter = 0.05
	sasl.kerberos.ticket.renew.window.factor = 0.8
	sasl.login.callback.handler.class = null
	sasl.login.class = null
	sasl.login.connect.timeout.ms = null
	sasl.login.read.timeout.ms = null
	sasl.login.refresh.buffer.seconds = 300
	sasl.login.refresh.min.period.seconds = 60
	sasl.login.refresh.window.factor = 0.8
	sasl.login.refresh.window.jitter = 0.05
	sasl.login.retry.backoff.max.ms = 10000
	sasl.login.retry.backoff.ms = 100
	sasl.mechanism = GSSAPI
	sasl.oauthbearer.clock.skew.seconds = 30
	sasl.oauthbearer.expected.audience = null
	sasl.oauthbearer.expected.issuer = null
	sasl.oauthbearer.header.urlencode = false
	sasl.oauthbearer.jwks.endpoint.refresh.ms = 3600000
	sasl.oauthbearer.jwks.endpoint.retry.backoff.max.ms = 10000
	sasl.oauthbearer.jwks.endpoint.retry.backoff.ms = 100
	sasl.oauthbearer.jwks.endpoint.url = null
	sasl.oauthbearer.scope.claim.name = scope
	sasl.oauthbearer.sub.claim.name = sub
	sasl.oauthbearer.token.endpoint.url = null
	security.protocol = PLAINTEXT
	security.providers = null
	send.buffer.bytes = 131072
	socket.connection.setup.timeout.max.ms = 30000
	socket.connection.setup.timeout.ms = 10000
	ssl.cipher.suites = null
	ssl.enabled.protocols = [TLSv1.2, TLSv1.3]
	ssl.endpoint.identification.algorithm = https
	ssl.engine.factory.class = null
	ssl.key.password = null
	ssl.keymanager.algorithm = SunX509
	ssl.keystore.certificate.chain = null
	ssl.keystore.key = null
	ssl.keystore.location = null
	ssl.keystore.password = null
	ssl.keystore.type = JKS
	ssl.protocol = TLSv1.3
	ssl.provider = null
	ssl.secure.random.implementation = null
	ssl.trustmanager.algorithm = PKIX
	ssl.truststore.certificates = null
	ssl.truststore.location = null
	ssl.truststore.password = null
	ssl.truststore.type = JKS
	transaction.timeout.ms = 60000
	transactional.id = null
	value.serializer = class org.apache.kafka.common.serialization.ByteArraySerializer

[Kafka Stream] 11:41:46.532  INFO --- o.a.k.c.t.i.KafkaMetricsCollector        : initializing Kafka metrics collector
[Kafka Stream] 11:41:46.545  INFO --- o.a.k.clients.producer.KafkaProducer     : [Producer clientId=kafka_ms_streams-e671e6c4-0d9b-43bc-b819-17d0a35d7d44-StreamThread-1-producer] Instantiated an idempotent producer.
[Kafka Stream] 11:41:46.560  INFO --- o.a.k.clients.producer.ProducerConfig    : These configurations '[spring.json.trusted.packages]' were supplied but are not used yet.
[Kafka Stream] 11:41:46.560  INFO --- o.a.kafka.common.utils.AppInfoParser     : Kafka version: 3.9.1
[Kafka Stream] 11:41:46.560  INFO --- o.a.kafka.common.utils.AppInfoParser     : Kafka commitId: f745dfdcee2b9851
[Kafka Stream] 11:41:46.560  INFO --- o.a.kafka.common.utils.AppInfoParser     : Kafka startTimeMs: 1757139106560
[Kafka Stream] 11:41:46.565  INFO --- o.a.k.s.p.internals.DefaultStateUpdater  : state-updater [kafka_ms_streams-e671e6c4-0d9b-43bc-b819-17d0a35d7d44-StateUpdater-1] State updater thread started
[Kafka Stream] 11:41:46.568  INFO --- o.a.k.s.p.internals.StreamThread         : stream-thread [kafka_ms_streams-e671e6c4-0d9b-43bc-b819-17d0a35d7d44-StreamThread-1] Creating consumer client
[Kafka Stream] 11:41:46.570  INFO --- o.a.k.clients.consumer.ConsumerConfig    : ConsumerConfig values: 
	allow.auto.create.topics = false
	auto.commit.interval.ms = 5000
	auto.include.jmx.reporter = true
	auto.offset.reset = earliest
	bootstrap.servers = [localhost:9092]
	check.crcs = true
	client.dns.lookup = use_all_dns_ips
	client.id = kafka_ms_streams-e671e6c4-0d9b-43bc-b819-17d0a35d7d44-StreamThread-1-consumer
	client.rack = 
	connections.max.idle.ms = 540000
	default.api.timeout.ms = 60000
	enable.auto.commit = false
	enable.metrics.push = true
	exclude.internal.topics = true
	fetch.max.bytes = 52428800
	fetch.max.wait.ms = 500
	fetch.min.bytes = 1
	group.id = kafka_ms_streams
	group.instance.id = null
	group.protocol = classic
	group.remote.assignor = null
	heartbeat.interval.ms = 3000
	interceptor.classes = []
	internal.leave.group.on.close = false
	internal.throw.on.fetch.stable.offset.unsupported = false
	isolation.level = read_uncommitted
	key.deserializer = class org.apache.kafka.common.serialization.ByteArrayDeserializer
	max.partition.fetch.bytes = 1048576
	max.poll.interval.ms = 300000
	max.poll.records = 1000
	metadata.max.age.ms = 300000
	metadata.recovery.strategy = none
	metric.reporters = []
	metrics.num.samples = 2
	metrics.recording.level = INFO
	metrics.sample.window.ms = 30000
	partition.assignment.strategy = [org.apache.kafka.streams.processor.internals.StreamsPartitionAssignor]
	receive.buffer.bytes = 65536
	reconnect.backoff.max.ms = 1000
	reconnect.backoff.ms = 50
	request.timeout.ms = 30000
	retry.backoff.max.ms = 1000
	retry.backoff.ms = 100
	sasl.client.callback.handler.class = null
	sasl.jaas.config = null
	sasl.kerberos.kinit.cmd = /usr/bin/kinit
	sasl.kerberos.min.time.before.relogin = 60000
	sasl.kerberos.service.name = null
	sasl.kerberos.ticket.renew.jitter = 0.05
	sasl.kerberos.ticket.renew.window.factor = 0.8
	sasl.login.callback.handler.class = null
	sasl.login.class = null
	sasl.login.connect.timeout.ms = null
	sasl.login.read.timeout.ms = null
	sasl.login.refresh.buffer.seconds = 300
	sasl.login.refresh.min.period.seconds = 60
	sasl.login.refresh.window.factor = 0.8
	sasl.login.refresh.window.jitter = 0.05
	sasl.login.retry.backoff.max.ms = 10000
	sasl.login.retry.backoff.ms = 100
	sasl.mechanism = GSSAPI
	sasl.oauthbearer.clock.skew.seconds = 30
	sasl.oauthbearer.expected.audience = null
	sasl.oauthbearer.expected.issuer = null
	sasl.oauthbearer.header.urlencode = false
	sasl.oauthbearer.jwks.endpoint.refresh.ms = 3600000
	sasl.oauthbearer.jwks.endpoint.retry.backoff.max.ms = 10000
	sasl.oauthbearer.jwks.endpoint.retry.backoff.ms = 100
	sasl.oauthbearer.jwks.endpoint.url = null
	sasl.oauthbearer.scope.claim.name = scope
	sasl.oauthbearer.sub.claim.name = sub
	sasl.oauthbearer.token.endpoint.url = null
	security.protocol = PLAINTEXT
	security.providers = null
	send.buffer.bytes = 131072
	session.timeout.ms = 45000
	socket.connection.setup.timeout.max.ms = 30000
	socket.connection.setup.timeout.ms = 10000
	ssl.cipher.suites = null
	ssl.enabled.protocols = [TLSv1.2, TLSv1.3]
	ssl.endpoint.identification.algorithm = https
	ssl.engine.factory.class = null
	ssl.key.password = null
	ssl.keymanager.algorithm = SunX509
	ssl.keystore.certificate.chain = null
	ssl.keystore.key = null
	ssl.keystore.location = null
	ssl.keystore.password = null
	ssl.keystore.type = JKS
	ssl.protocol = TLSv1.3
	ssl.provider = null
	ssl.secure.random.implementation = null
	ssl.trustmanager.algorithm = PKIX
	ssl.truststore.certificates = null
	ssl.truststore.location = null
	ssl.truststore.password = null
	ssl.truststore.type = JKS
	value.deserializer = class org.apache.kafka.common.serialization.ByteArrayDeserializer

[Kafka Stream] 11:41:46.575  INFO --- o.a.k.c.t.i.KafkaMetricsCollector        : initializing Kafka metrics collector
[Kafka Stream] 11:41:46.583  INFO --- o.a.k.s.p.i.a.AssignorConfiguration      : stream-thread [kafka_ms_streams-e671e6c4-0d9b-43bc-b819-17d0a35d7d44-StreamThread-1-consumer] Cooperative rebalancing protocol is enabled now
[Kafka Stream] 11:41:46.594  INFO --- o.a.k.clients.consumer.ConsumerConfig    : These configurations '[replication.factor, probing.rebalance.interval.ms, max.warmup.replicas, acceptable.recovery.lag, spring.json.trusted.packages, task.assignor.class, rack.aware.assignment.non_overlap_cost, application.server, rack.aware.assignment.strategy, rack.aware.assignment.traffic_cost, windowstore.changelog.additional.retention.ms, num.standby.replicas, upgrade.from, rack.aware.assignment.tags, application.id]' were supplied but are not used yet.
[Kafka Stream] 11:41:46.594  INFO --- o.a.kafka.common.utils.AppInfoParser     : Kafka version: 3.9.1
[Kafka Stream] 11:41:46.594  INFO --- o.a.kafka.common.utils.AppInfoParser     : Kafka commitId: f745dfdcee2b9851
[Kafka Stream] 11:41:46.594  INFO --- o.a.kafka.common.utils.AppInfoParser     : Kafka startTimeMs: 1757139106594
[Kafka Stream] 11:41:46.602  INFO --- org.apache.kafka.streams.KafkaStreams    : stream-client [kafka_ms_streams-e671e6c4-0d9b-43bc-b819-17d0a35d7d44] State transition from CREATED to REBALANCING
[Kafka Stream] 11:41:46.603  INFO --- org.apache.kafka.streams.KafkaStreams    : stream-client [kafka_ms_streams-e671e6c4-0d9b-43bc-b819-17d0a35d7d44] Started 1 stream threads
[Kafka Stream] 11:41:46.603  INFO --- o.a.k.s.p.internals.StreamThread         : stream-thread [kafka_ms_streams-e671e6c4-0d9b-43bc-b819-17d0a35d7d44-StreamThread-1] Starting
[Kafka Stream] 11:41:46.603  INFO --- o.a.k.s.p.internals.StreamThread         : stream-thread [kafka_ms_streams-e671e6c4-0d9b-43bc-b819-17d0a35d7d44-StreamThread-1] State transition from CREATED to STARTING
[Kafka Stream] 11:41:46.604  INFO --- o.a.k.c.c.i.ClassicKafkaConsumer         : [Consumer clientId=kafka_ms_streams-e671e6c4-0d9b-43bc-b819-17d0a35d7d44-StreamThread-1-consumer, groupId=kafka_ms_streams] Subscribed to topic(s): delay-event, processed-delay-event
[Kafka Stream] 11:41:46.613  INFO --- k.AirlineUseCaseApplicationTests         : Started AirlineUseCaseApplicationTests in 1.022 seconds (process running for 1.767)
[Kafka Stream] 11:41:46.744  INFO --- o.a.k.s.p.internals.StreamThread         : stream-thread [kafka_ms_streams-e671e6c4-0d9b-43bc-b819-17d0a35d7d44-StreamThread-1] Processed 0 total records, ran 0 punctuators, polled 1 times and committed 0 total tasks since the last update 1757139106745ms ago
[Kafka Stream] 11:41:46.750  INFO --- org.apache.kafka.clients.Metadata        : [Producer clientId=kafka_ms_streams-e671e6c4-0d9b-43bc-b819-17d0a35d7d44-StreamThread-1-producer] Cluster ID: L7jC0sPTSX-UdOQKwYzijg
[Kafka Stream] 11:41:46.752  INFO --- o.a.k.c.p.internals.TransactionManager   : [Producer clientId=kafka_ms_streams-e671e6c4-0d9b-43bc-b819-17d0a35d7d44-StreamThread-1-producer] ProducerId set to 15 with epoch 0
[Kafka Stream] 11:41:46.754  INFO --- org.apache.kafka.clients.Metadata        : [Consumer clientId=kafka_ms_streams-e671e6c4-0d9b-43bc-b819-17d0a35d7d44-StreamThread-1-consumer, groupId=kafka_ms_streams] Cluster ID: L7jC0sPTSX-UdOQKwYzijg
[Kafka Stream] 11:41:46.754  INFO --- o.a.k.c.c.internals.ConsumerCoordinator  : [Consumer clientId=kafka_ms_streams-e671e6c4-0d9b-43bc-b819-17d0a35d7d44-StreamThread-1-consumer, groupId=kafka_ms_streams] Discovered group coordinator localhost:9092 (id: 2147482646 rack: null)
[Kafka Stream] 11:41:46.755  INFO --- o.a.k.c.c.internals.ConsumerCoordinator  : [Consumer clientId=kafka_ms_streams-e671e6c4-0d9b-43bc-b819-17d0a35d7d44-StreamThread-1-consumer, groupId=kafka_ms_streams] (Re-)joining group
[Kafka Stream] 11:41:46.775  INFO --- o.a.k.c.c.internals.ConsumerCoordinator  : [Consumer clientId=kafka_ms_streams-e671e6c4-0d9b-43bc-b819-17d0a35d7d44-StreamThread-1-consumer, groupId=kafka_ms_streams] Request joining group due to: need to re-join with the given member-id: kafka_ms_streams-e671e6c4-0d9b-43bc-b819-17d0a35d7d44-StreamThread-1-consumer-5296b04e-183c-4216-83cd-4107f988c492
[Kafka Stream] 11:41:46.775  INFO --- o.a.k.c.c.internals.ConsumerCoordinator  : [Consumer clientId=kafka_ms_streams-e671e6c4-0d9b-43bc-b819-17d0a35d7d44-StreamThread-1-consumer, groupId=kafka_ms_streams] (Re-)joining group
]]></system-out>
  </testcase>
</testsuite>